<?xml version="1.0" encoding="UTF-8"?>
<testng-results skipped="0" failed="1" ignored="0" total="8" passed="7">
  <reporter-output>
  </reporter-output>
  <suite name="Parallel test runs" duration-ms="447162" started-at="2018-06-17T11:06:44Z" finished-at="2018-06-17T11:14:11Z">
    <groups>
    </groups>
    <test name="Chrome Test" duration-ms="49191" started-at="2018-06-17T11:06:44Z" finished-at="2018-06-17T11:07:33Z">
      <class name="meliahotels.meliahotels.TestLogin">
        <test-method status="PASS" signature="setup(java.lang.String)[pri:0, instance:meliahotels.meliahotels.TestLogin@6f1fba17]" name="setup" is-config="true" duration-ms="20930" started-at="2018-06-17T13:06:44Z" finished-at="2018-06-17T13:07:05Z">
          <params>
            <param index="0">
              <value>
                <![CDATA[chrome]]>
              </value>
            </param>
          </params>
          <reporter-output>
          </reporter-output>
        </test-method> <!-- setup -->
        <test-method status="PASS" signature="test_Login(java.lang.String, java.lang.String, java.lang.String)[pri:0, instance:meliahotels.meliahotels.TestLogin@6f1fba17]" name="test_Login" duration-ms="27138" started-at="2018-06-17T13:07:05Z" finished-at="2018-06-17T13:07:32Z">
          <params>
            <param index="0">
              <value>
                <![CDATA[deepaltran@yopmail.com]]>
              </value>
            </param>
            <param index="1">
              <value>
                <![CDATA[altran123]]>
              </value>
            </param>
            <param index="2">
              <value>
                <![CDATA[chrome]]>
              </value>
            </param>
          </params>
          <reporter-output>
          </reporter-output>
        </test-method> <!-- test_Login -->
        <test-method status="PASS" signature="cerrar()[pri:0, instance:meliahotels.meliahotels.TestLogin@6f1fba17]" name="cerrar" is-config="true" duration-ms="1041" started-at="2018-06-17T13:07:32Z" finished-at="2018-06-17T13:07:33Z">
          <reporter-output>
          </reporter-output>
        </test-method> <!-- cerrar -->
      </class> <!-- meliahotels.meliahotels.TestLogin -->
    </test> <!-- Chrome Test -->
    <test name="IE Test" duration-ms="53767" started-at="2018-06-17T11:07:33Z" finished-at="2018-06-17T11:08:27Z">
      <class name="meliahotels.meliahotels.TestLogin">
        <test-method status="PASS" signature="setup(java.lang.String)[pri:0, instance:meliahotels.meliahotels.TestLogin@5ae63ade]" name="setup" is-config="true" duration-ms="16316" started-at="2018-06-17T13:07:33Z" finished-at="2018-06-17T13:07:49Z">
          <params>
            <param index="0">
              <value>
                <![CDATA[IE]]>
              </value>
            </param>
          </params>
          <reporter-output>
          </reporter-output>
        </test-method> <!-- setup -->
        <test-method status="PASS" signature="test_Login(java.lang.String, java.lang.String, java.lang.String)[pri:0, instance:meliahotels.meliahotels.TestLogin@5ae63ade]" name="test_Login" duration-ms="36654" started-at="2018-06-17T13:07:49Z" finished-at="2018-06-17T13:08:26Z">
          <params>
            <param index="0">
              <value>
                <![CDATA[deepaltran@yopmail.com]]>
              </value>
            </param>
            <param index="1">
              <value>
                <![CDATA[altran123]]>
              </value>
            </param>
            <param index="2">
              <value>
                <![CDATA[IE]]>
              </value>
            </param>
          </params>
          <reporter-output>
          </reporter-output>
        </test-method> <!-- test_Login -->
        <test-method status="PASS" signature="cerrar()[pri:0, instance:meliahotels.meliahotels.TestLogin@5ae63ade]" name="cerrar" is-config="true" duration-ms="790" started-at="2018-06-17T13:08:26Z" finished-at="2018-06-17T13:08:27Z">
          <reporter-output>
          </reporter-output>
        </test-method> <!-- cerrar -->
      </class> <!-- meliahotels.meliahotels.TestLogin -->
    </test> <!-- IE Test -->
    <test name="Firefox Test" duration-ms="50523" started-at="2018-06-17T11:08:27Z" finished-at="2018-06-17T11:09:17Z">
      <class name="meliahotels.meliahotels.TestLogin">
        <test-method status="PASS" signature="setup(java.lang.String)[pri:0, instance:meliahotels.meliahotels.TestLogin@2758fe70]" name="setup" is-config="true" duration-ms="14752" started-at="2018-06-17T13:08:27Z" finished-at="2018-06-17T13:08:42Z">
          <params>
            <param index="0">
              <value>
                <![CDATA[firefox]]>
              </value>
            </param>
          </params>
          <reporter-output>
          </reporter-output>
        </test-method> <!-- setup -->
        <test-method status="PASS" signature="test_Login(java.lang.String, java.lang.String, java.lang.String)[pri:0, instance:meliahotels.meliahotels.TestLogin@2758fe70]" name="test_Login" duration-ms="32830" started-at="2018-06-17T13:08:42Z" finished-at="2018-06-17T13:09:14Z">
          <params>
            <param index="0">
              <value>
                <![CDATA[deepaltran@yopmail.com]]>
              </value>
            </param>
            <param index="1">
              <value>
                <![CDATA[altran123]]>
              </value>
            </param>
            <param index="2">
              <value>
                <![CDATA[firefox]]>
              </value>
            </param>
          </params>
          <reporter-output>
          </reporter-output>
        </test-method> <!-- test_Login -->
        <test-method status="PASS" signature="cerrar()[pri:0, instance:meliahotels.meliahotels.TestLogin@2758fe70]" name="cerrar" is-config="true" duration-ms="2934" started-at="2018-06-17T13:09:14Z" finished-at="2018-06-17T13:09:17Z">
          <reporter-output>
          </reporter-output>
        </test-method> <!-- cerrar -->
      </class> <!-- meliahotels.meliahotels.TestLogin -->
    </test> <!-- Firefox Test -->
    <test name="Edge Test" duration-ms="39880" started-at="2018-06-17T11:09:17Z" finished-at="2018-06-17T11:09:57Z">
      <class name="meliahotels.meliahotels.TestLogin">
        <test-method status="PASS" signature="setup(java.lang.String)[pri:0, instance:meliahotels.meliahotels.TestLogin@6e6c3152]" name="setup" is-config="true" duration-ms="9376" started-at="2018-06-17T13:09:17Z" finished-at="2018-06-17T13:09:27Z">
          <params>
            <param index="0">
              <value>
                <![CDATA[edge]]>
              </value>
            </param>
          </params>
          <reporter-output>
          </reporter-output>
        </test-method> <!-- setup -->
        <test-method status="PASS" signature="test_Login(java.lang.String, java.lang.String, java.lang.String)[pri:0, instance:meliahotels.meliahotels.TestLogin@6e6c3152]" name="test_Login" duration-ms="28642" started-at="2018-06-17T13:09:27Z" finished-at="2018-06-17T13:09:55Z">
          <params>
            <param index="0">
              <value>
                <![CDATA[deepaltran@yopmail.com]]>
              </value>
            </param>
            <param index="1">
              <value>
                <![CDATA[altran123]]>
              </value>
            </param>
            <param index="2">
              <value>
                <![CDATA[edge]]>
              </value>
            </param>
          </params>
          <reporter-output>
          </reporter-output>
        </test-method> <!-- test_Login -->
        <test-method status="PASS" signature="cerrar()[pri:0, instance:meliahotels.meliahotels.TestLogin@6e6c3152]" name="cerrar" is-config="true" duration-ms="1859" started-at="2018-06-17T13:09:55Z" finished-at="2018-06-17T13:09:57Z">
          <reporter-output>
          </reporter-output>
        </test-method> <!-- cerrar -->
      </class> <!-- meliahotels.meliahotels.TestLogin -->
    </test> <!-- Edge Test -->
    <test name="Chrome Test buscador" duration-ms="74880" started-at="2018-06-17T11:09:57Z" finished-at="2018-06-17T11:11:12Z">
      <class name="meliahotels.meliahotels.TestBuscador">
        <test-method status="PASS" signature="setup(java.lang.String)[pri:0, instance:meliahotels.meliahotels.TestBuscador@4973813a]" name="setup" is-config="true" duration-ms="22725" started-at="2018-06-17T13:09:57Z" finished-at="2018-06-17T13:10:20Z">
          <params>
            <param index="0">
              <value>
                <![CDATA[chrome]]>
              </value>
            </param>
          </params>
          <reporter-output>
          </reporter-output>
        </test-method> <!-- setup -->
        <test-method status="PASS" signature="test_Login(java.lang.String)[pri:0, instance:meliahotels.meliahotels.TestBuscador@4973813a]" name="test_Login" duration-ms="50969" started-at="2018-06-17T13:10:20Z" finished-at="2018-06-17T13:11:11Z">
          <params>
            <param index="0">
              <value>
                <![CDATA[chrome]]>
              </value>
            </param>
          </params>
          <reporter-output>
          </reporter-output>
        </test-method> <!-- test_Login -->
        <test-method status="PASS" signature="cerrar()[pri:0, instance:meliahotels.meliahotels.TestBuscador@4973813a]" name="cerrar" is-config="true" duration-ms="1182" started-at="2018-06-17T13:11:11Z" finished-at="2018-06-17T13:11:12Z">
          <reporter-output>
          </reporter-output>
        </test-method> <!-- cerrar -->
      </class> <!-- meliahotels.meliahotels.TestBuscador -->
    </test> <!-- Chrome Test buscador -->
    <test name="IE Test buscador" duration-ms="49655" started-at="2018-06-17T11:11:12Z" finished-at="2018-06-17T11:12:02Z">
      <class name="meliahotels.meliahotels.TestBuscador">
        <test-method status="PASS" signature="setup(java.lang.String)[pri:0, instance:meliahotels.meliahotels.TestBuscador@63e2203c]" name="setup" is-config="true" duration-ms="12890" started-at="2018-06-17T13:11:12Z" finished-at="2018-06-17T13:11:25Z">
          <params>
            <param index="0">
              <value>
                <![CDATA[IE]]>
              </value>
            </param>
          </params>
          <reporter-output>
          </reporter-output>
        </test-method> <!-- setup -->
        <test-method status="FAIL" signature="test_Login(java.lang.String)[pri:0, instance:meliahotels.meliahotels.TestBuscador@63e2203c]" name="test_Login" duration-ms="35791" started-at="2018-06-17T13:11:25Z" finished-at="2018-06-17T13:12:01Z">
          <params>
            <param index="0">
              <value>
                <![CDATA[IE]]>
              </value>
            </param>
          </params>
          <exception class="org.openqa.selenium.ElementNotInteractableException">
            <message>
              <![CDATA[Element is not displayed
Build info: version: '3.11.0', revision: 'e59cfb3', time: '2018-03-11T20:26:55.152Z'
System info: host: 'LAPTOP-7426K34G', ip: '192.168.1.134', os.name: 'Windows 10', os.arch: 'amd64', os.version: '10.0', java.version: '1.8.0_151'
Driver info: org.openqa.selenium.ie.InternetExplorerDriver
Capabilities {acceptInsecureCerts: false, browserName: internet explorer, browserVersion: 11, javascriptEnabled: true, pageLoadStrategy: normal, platform: WINDOWS, platformName: WINDOWS, proxy: Proxy(), se:ieOptions: {browserAttachTimeout: 0, elementScrollBehavior: 0, enablePersistentHover: true, ie.browserCommandLineSwitches: , ie.ensureCleanSession: false, ie.fileUploadDialogTimeout: 3000, ie.forceCreateProcessApi: false, ignoreProtectedModeSettings: false, ignoreZoomSetting: false, initialBrowserUrl: http://localhost:1312/, nativeEvents: true, requireWindowFocus: false}, setWindowRect: true, timeouts: {implicit: 0, pageLoad: 300000, script: 30000}}
Session ID: 1bc2031e-bcb7-4b56-b852-b9f536ae6e6f]]>
            </message>
            <full-stacktrace>
              <![CDATA[org.openqa.selenium.ElementNotInteractableException: Element is not displayed
Build info: version: '3.11.0', revision: 'e59cfb3', time: '2018-03-11T20:26:55.152Z'
System info: host: 'LAPTOP-7426K34G', ip: '192.168.1.134', os.name: 'Windows 10', os.arch: 'amd64', os.version: '10.0', java.version: '1.8.0_151'
Driver info: org.openqa.selenium.ie.InternetExplorerDriver
Capabilities {acceptInsecureCerts: false, browserName: internet explorer, browserVersion: 11, javascriptEnabled: true, pageLoadStrategy: normal, platform: WINDOWS, platformName: WINDOWS, proxy: Proxy(), se:ieOptions: {browserAttachTimeout: 0, elementScrollBehavior: 0, enablePersistentHover: true, ie.browserCommandLineSwitches: , ie.ensureCleanSession: false, ie.fileUploadDialogTimeout: 3000, ie.forceCreateProcessApi: false, ignoreProtectedModeSettings: false, ignoreZoomSetting: false, initialBrowserUrl: http://localhost:1312/, nativeEvents: true, requireWindowFocus: false}, setWindowRect: true, timeouts: {implicit: 0, pageLoad: 300000, script: 30000}}
Session ID: 1bc2031e-bcb7-4b56-b852-b9f536ae6e6f
	at sun.reflect.NativeConstructorAccessorImpl.newInstance0(Native Method)
	at sun.reflect.NativeConstructorAccessorImpl.newInstance(Unknown Source)
	at sun.reflect.DelegatingConstructorAccessorImpl.newInstance(Unknown Source)
	at java.lang.reflect.Constructor.newInstance(Unknown Source)
	at org.openqa.selenium.remote.http.W3CHttpResponseCodec.createException(W3CHttpResponseCodec.java:187)
	at org.openqa.selenium.remote.http.W3CHttpResponseCodec.decode(W3CHttpResponseCodec.java:122)
	at org.openqa.selenium.remote.http.W3CHttpResponseCodec.decode(W3CHttpResponseCodec.java:49)
	at org.openqa.selenium.remote.HttpCommandExecutor.execute(HttpCommandExecutor.java:158)
	at org.openqa.selenium.remote.service.DriverCommandExecutor.execute(DriverCommandExecutor.java:83)
	at org.openqa.selenium.remote.RemoteWebDriver.execute(RemoteWebDriver.java:545)
	at org.openqa.selenium.remote.RemoteWebElement.execute(RemoteWebElement.java:279)
	at org.openqa.selenium.remote.RemoteWebElement.click(RemoteWebElement.java:83)
	at meliahotels.meliahotels.Buscador.fechaOUT(Buscador.java:206)
	at meliahotels.meliahotels.Buscador.buscar(Buscador.java:250)
	at meliahotels.meliahotels.TestBuscador.test_Login(TestBuscador.java:29)
	at sun.reflect.NativeMethodAccessorImpl.invoke0(Native Method)
	at sun.reflect.NativeMethodAccessorImpl.invoke(Unknown Source)
	at sun.reflect.DelegatingMethodAccessorImpl.invoke(Unknown Source)
	at java.lang.reflect.Method.invoke(Unknown Source)
	at org.testng.internal.MethodInvocationHelper.invokeMethod(MethodInvocationHelper.java:108)
	at org.testng.internal.Invoker.invokeMethod(Invoker.java:661)
	at org.testng.internal.Invoker.invokeTestMethod(Invoker.java:869)
	at org.testng.internal.Invoker.invokeTestMethods(Invoker.java:1193)
	at org.testng.internal.TestMethodWorker.invokeTestMethods(TestMethodWorker.java:126)
	at org.testng.internal.TestMethodWorker.run(TestMethodWorker.java:109)
	at org.testng.TestRunner.privateRun(TestRunner.java:744)
	at org.testng.TestRunner.run(TestRunner.java:602)
	at org.testng.SuiteRunner.runTest(SuiteRunner.java:380)
	at org.testng.SuiteRunner.access$000(SuiteRunner.java:39)
	at org.testng.SuiteRunner$SuiteWorker.run(SuiteRunner.java:414)
	at org.testng.internal.thread.ThreadUtil$1.call(ThreadUtil.java:52)
	at java.util.concurrent.FutureTask.run(Unknown Source)
	at java.util.concurrent.ThreadPoolExecutor.runWorker(Unknown Source)
	at java.util.concurrent.ThreadPoolExecutor$Worker.run(Unknown Source)
	at java.lang.Thread.run(Unknown Source)
]]>
            </full-stacktrace>
          </exception> <!-- org.openqa.selenium.ElementNotInteractableException -->
          <reporter-output>
          </reporter-output>
        </test-method> <!-- test_Login -->
        <test-method status="PASS" signature="cerrar()[pri:0, instance:meliahotels.meliahotels.TestBuscador@63e2203c]" name="cerrar" is-config="true" duration-ms="961" started-at="2018-06-17T13:12:01Z" finished-at="2018-06-17T13:12:02Z">
          <reporter-output>
          </reporter-output>
        </test-method> <!-- cerrar -->
      </class> <!-- meliahotels.meliahotels.TestBuscador -->
    </test> <!-- IE Test buscador -->
    <test name="Firefox Test buscador" duration-ms="71770" started-at="2018-06-17T11:12:02Z" finished-at="2018-06-17T11:13:14Z">
      <class name="meliahotels.meliahotels.TestBuscador">
        <test-method status="PASS" signature="setup(java.lang.String)[pri:0, instance:meliahotels.meliahotels.TestBuscador@7494e528]" name="setup" is-config="true" duration-ms="14763" started-at="2018-06-17T13:12:02Z" finished-at="2018-06-17T13:12:17Z">
          <params>
            <param index="0">
              <value>
                <![CDATA[firefox]]>
              </value>
            </param>
          </params>
          <reporter-output>
          </reporter-output>
        </test-method> <!-- setup -->
        <test-method status="PASS" signature="test_Login(java.lang.String)[pri:0, instance:meliahotels.meliahotels.TestBuscador@7494e528]" name="test_Login" duration-ms="53728" started-at="2018-06-17T13:12:17Z" finished-at="2018-06-17T13:13:11Z">
          <params>
            <param index="0">
              <value>
                <![CDATA[firefox]]>
              </value>
            </param>
          </params>
          <reporter-output>
          </reporter-output>
        </test-method> <!-- test_Login -->
        <test-method status="PASS" signature="cerrar()[pri:0, instance:meliahotels.meliahotels.TestBuscador@7494e528]" name="cerrar" is-config="true" duration-ms="3270" started-at="2018-06-17T13:13:11Z" finished-at="2018-06-17T13:13:14Z">
          <reporter-output>
          </reporter-output>
        </test-method> <!-- cerrar -->
      </class> <!-- meliahotels.meliahotels.TestBuscador -->
    </test> <!-- Firefox Test buscador -->
    <test name="Edge Test buscador" duration-ms="57026" started-at="2018-06-17T11:13:14Z" finished-at="2018-06-17T11:14:11Z">
      <class name="meliahotels.meliahotels.TestBuscador">
        <test-method status="PASS" signature="setup(java.lang.String)[pri:0, instance:meliahotels.meliahotels.TestBuscador@67205a84]" name="setup" is-config="true" duration-ms="8787" started-at="2018-06-17T13:13:14Z" finished-at="2018-06-17T13:13:23Z">
          <params>
            <param index="0">
              <value>
                <![CDATA[edge]]>
              </value>
            </param>
          </params>
          <reporter-output>
          </reporter-output>
        </test-method> <!-- setup -->
        <test-method status="PASS" signature="test_Login(java.lang.String)[pri:0, instance:meliahotels.meliahotels.TestBuscador@67205a84]" name="test_Login" duration-ms="46602" started-at="2018-06-17T13:13:23Z" finished-at="2018-06-17T13:14:09Z">
          <params>
            <param index="0">
              <value>
                <![CDATA[edge]]>
              </value>
            </param>
          </params>
          <reporter-output>
          </reporter-output>
        </test-method> <!-- test_Login -->
        <test-method status="PASS" signature="cerrar()[pri:0, instance:meliahotels.meliahotels.TestBuscador@67205a84]" name="cerrar" is-config="true" duration-ms="1630" started-at="2018-06-17T13:14:09Z" finished-at="2018-06-17T13:14:11Z">
          <reporter-output>
          </reporter-output>
        </test-method> <!-- cerrar -->
      </class> <!-- meliahotels.meliahotels.TestBuscador -->
    </test> <!-- Edge Test buscador -->
  </suite> <!-- Parallel test runs -->
</testng-results>
